This file contains any messages produced by compilers while
running configure, to aid debugging if configure makes a mistake.

It was created by bertomzilla configure 1.0, which was
generated by GNU Autoconf 2.69.  Invocation command line was

  $ ./configure 

## --------- ##
## Platform. ##
## --------- ##

hostname = debian
uname -m = x86_64
uname -r = 3.2.0-4-amd64
uname -s = Linux
uname -v = #1 SMP Debian 3.2.65-1+deb7u2

/usr/bin/uname -p = unknown
/bin/uname -X     = unknown

/bin/arch              = unknown
/usr/bin/arch -k       = unknown
/usr/convex/getsysinfo = unknown
/usr/bin/hostinfo      = unknown
/bin/machine           = unknown
/usr/bin/oslevel       = unknown
/bin/universe          = unknown

PATH: /usr/local/bin
PATH: /usr/bin
PATH: /bin
PATH: /usr/local/games
PATH: /usr/games


## ----------- ##
## Core tests. ##
## ----------- ##

configure:2297: checking for a BSD-compatible install
configure:2365: result: /usr/bin/install -c
configure:2376: checking whether build environment is sane
configure:2431: result: yes
configure:2582: checking for a thread-safe mkdir -p
configure:2621: result: /bin/mkdir -p
configure:2628: checking for gawk
configure:2644: found /usr/bin/gawk
configure:2655: result: gawk
configure:2666: checking whether make sets $(MAKE)
configure:2688: result: yes
configure:2717: checking whether make supports nested variables
configure:2734: result: yes
configure:2912: checking for gcc
configure:2928: found /usr/bin/gcc
configure:2939: result: gcc
configure:3168: checking for C compiler version
configure:3177: gcc --version >&5
gcc (Debian 4.7.4-3) 4.7.4
Copyright (C) 2012 Free Software Foundation, Inc.
This is free software; see the source for copying conditions.  There is NO
warranty; not even for MERCHANTABILITY or FITNESS FOR A PARTICULAR PURPOSE.

configure:3188: $? = 0
configure:3177: gcc -v >&5
Using built-in specs.
COLLECT_GCC=gcc
COLLECT_LTO_WRAPPER=/usr/lib/gcc/x86_64-linux-gnu/4.7/lto-wrapper
Target: x86_64-linux-gnu
Configured with: ../src/configure -v --with-pkgversion='Debian 4.7.4-3' --with-bugurl=file:///usr/share/doc/gcc-4.7/README.Bugs --enable-languages=c,c++,go,fortran,objc,obj-c++ --prefix=/usr --program-suffix=-4.7 --enable-shared --enable-linker-build-id --libexecdir=/usr/lib --without-included-gettext --enable-threads=posix --with-gxx-include-dir=/usr/include/c++/4.7 --libdir=/usr/lib --enable-nls --with-sysroot=/ --enable-clocale=gnu --enable-libstdcxx-debug --enable-gnu-unique-object --disable-libmudflap --enable-plugin --with-system-zlib --enable-objc-gc --enable-multiarch --with-arch-32=i586 --with-abi=m64 --with-multilib-list=m32,m64,mx32 --with-tune=generic --enable-checking=release --build=x86_64-linux-gnu --host=x86_64-linux-gnu --target=x86_64-linux-gnu
Thread model: posix
gcc version 4.7.4 (Debian 4.7.4-3) 
configure:3188: $? = 0
configure:3177: gcc -V >&5
gcc: error: unrecognized command line option '-V'
gcc: fatal error: no input files
compilation terminated.
configure:3188: $? = 4
configure:3177: gcc -qversion >&5
gcc: error: unrecognized command line option '-qversion'
gcc: fatal error: no input files
compilation terminated.
configure:3188: $? = 4
configure:3208: checking whether the C compiler works
configure:3230: gcc    conftest.c  >&5
configure:3234: $? = 0
configure:3282: result: yes
configure:3285: checking for C compiler default output file name
configure:3287: result: a.out
configure:3293: checking for suffix of executables
configure:3300: gcc -o conftest    conftest.c  >&5
configure:3304: $? = 0
configure:3326: result: 
configure:3348: checking whether we are cross compiling
configure:3356: gcc -o conftest    conftest.c  >&5
configure:3360: $? = 0
configure:3367: ./conftest
configure:3371: $? = 0
configure:3386: result: no
configure:3391: checking for suffix of object files
configure:3413: gcc -c   conftest.c >&5
configure:3417: $? = 0
configure:3438: result: o
configure:3442: checking whether we are using the GNU C compiler
configure:3461: gcc -c   conftest.c >&5
configure:3461: $? = 0
configure:3470: result: yes
configure:3479: checking whether gcc accepts -g
configure:3499: gcc -c -g  conftest.c >&5
configure:3499: $? = 0
configure:3540: result: yes
configure:3557: checking for gcc option to accept ISO C89
configure:3620: gcc  -c -g -O2  conftest.c >&5
configure:3620: $? = 0
configure:3633: result: none needed
configure:3658: checking whether gcc understands -c and -o together
configure:3680: gcc -c conftest.c -o conftest2.o
configure:3683: $? = 0
configure:3680: gcc -c conftest.c -o conftest2.o
configure:3683: $? = 0
configure:3695: result: yes
configure:3723: checking for style of include used by make
configure:3751: result: GNU
configure:3777: checking dependency style of gcc
configure:3888: result: gcc3
configure:3906: checking for BIO_new_mem_buf in -lcrypto
configure:3931: gcc -o conftest -g -O2   conftest.c -lcrypto   >&5
configure:3931: $? = 0
configure:3940: result: yes
configure:3955: checking for mysql_query in -lmysqlclient
configure:3980: gcc -o conftest -g -O2   conftest.c -lmysqlclient  -lcrypto  >&5
configure:3980: $? = 0
configure:3989: result: yes
configure:4004: checking for pthread_create in -lpthread
configure:4029: gcc -o conftest -g -O2   conftest.c -lpthread  -lmysqlclient -lcrypto  >&5
configure:4029: $? = 0
configure:4038: result: yes
configure:4053: checking for dlopen in -ldl
configure:4078: gcc -o conftest -g -O2   conftest.c -ldl  -lpthread -lmysqlclient -lcrypto  >&5
configure:4078: $? = 0
configure:4087: result: yes
configure:4109: checking how to run the C preprocessor
configure:4140: gcc -E  conftest.c
configure:4140: $? = 0
configure:4154: gcc -E  conftest.c
conftest.c:15:28: fatal error: ac_nonexistent.h: No such file or directory
compilation terminated.
configure:4154: $? = 1
configure: failed program was:
| /* confdefs.h */
| #define PACKAGE_NAME "bertomzilla"
| #define PACKAGE_TARNAME "bertomzilla"
| #define PACKAGE_VERSION "1.0"
| #define PACKAGE_STRING "bertomzilla 1.0"
| #define PACKAGE_BUGREPORT "joris.bertomeu@epitech.eu"
| #define PACKAGE_URL ""
| #define PACKAGE "bertomzilla"
| #define VERSION "1.0"
| #define HAVE_LIBCRYPTO 1
| #define HAVE_LIBMYSQLCLIENT 1
| #define HAVE_LIBPTHREAD 1
| #define HAVE_LIBDL 1
| /* end confdefs.h.  */
| #include <ac_nonexistent.h>
configure:4179: result: gcc -E
configure:4199: gcc -E  conftest.c
configure:4199: $? = 0
configure:4213: gcc -E  conftest.c
conftest.c:15:28: fatal error: ac_nonexistent.h: No such file or directory
compilation terminated.
configure:4213: $? = 1
configure: failed program was:
| /* confdefs.h */
| #define PACKAGE_NAME "bertomzilla"
| #define PACKAGE_TARNAME "bertomzilla"
| #define PACKAGE_VERSION "1.0"
| #define PACKAGE_STRING "bertomzilla 1.0"
| #define PACKAGE_BUGREPORT "joris.bertomeu@epitech.eu"
| #define PACKAGE_URL ""
| #define PACKAGE "bertomzilla"
| #define VERSION "1.0"
| #define HAVE_LIBCRYPTO 1
| #define HAVE_LIBMYSQLCLIENT 1
| #define HAVE_LIBPTHREAD 1
| #define HAVE_LIBDL 1
| /* end confdefs.h.  */
| #include <ac_nonexistent.h>
configure:4242: checking for grep that handles long lines and -e
configure:4300: result: /bin/grep
configure:4305: checking for egrep
configure:4367: result: /bin/grep -E
configure:4372: checking for ANSI C header files
configure:4392: gcc -c -g -O2  conftest.c >&5
configure:4392: $? = 0
configure:4465: gcc -o conftest -g -O2   conftest.c -ldl -lpthread -lmysqlclient -lcrypto  >&5
configure:4465: $? = 0
configure:4465: ./conftest
configure:4465: $? = 0
configure:4476: result: yes
configure:4489: checking for sys/types.h
configure:4489: gcc -c -g -O2  conftest.c >&5
configure:4489: $? = 0
configure:4489: result: yes
configure:4489: checking for sys/stat.h
configure:4489: gcc -c -g -O2  conftest.c >&5
configure:4489: $? = 0
configure:4489: result: yes
configure:4489: checking for stdlib.h
configure:4489: gcc -c -g -O2  conftest.c >&5
configure:4489: $? = 0
configure:4489: result: yes
configure:4489: checking for string.h
configure:4489: gcc -c -g -O2  conftest.c >&5
configure:4489: $? = 0
configure:4489: result: yes
configure:4489: checking for memory.h
configure:4489: gcc -c -g -O2  conftest.c >&5
configure:4489: $? = 0
configure:4489: result: yes
configure:4489: checking for strings.h
configure:4489: gcc -c -g -O2  conftest.c >&5
configure:4489: $? = 0
configure:4489: result: yes
configure:4489: checking for inttypes.h
configure:4489: gcc -c -g -O2  conftest.c >&5
configure:4489: $? = 0
configure:4489: result: yes
configure:4489: checking for stdint.h
configure:4489: gcc -c -g -O2  conftest.c >&5
configure:4489: $? = 0
configure:4489: result: yes
configure:4489: checking for unistd.h
configure:4489: gcc -c -g -O2  conftest.c >&5
configure:4489: $? = 0
configure:4489: result: yes
configure:4504: checking arpa/inet.h usability
configure:4504: gcc -c -g -O2  conftest.c >&5
configure:4504: $? = 0
configure:4504: result: yes
configure:4504: checking arpa/inet.h presence
configure:4504: gcc -E  conftest.c
configure:4504: $? = 0
configure:4504: result: yes
configure:4504: checking for arpa/inet.h
configure:4504: result: yes
configure:4504: checking fcntl.h usability
configure:4504: gcc -c -g -O2  conftest.c >&5
configure:4504: $? = 0
configure:4504: result: yes
configure:4504: checking fcntl.h presence
configure:4504: gcc -E  conftest.c
configure:4504: $? = 0
configure:4504: result: yes
configure:4504: checking for fcntl.h
configure:4504: result: yes
configure:4504: checking netdb.h usability
configure:4504: gcc -c -g -O2  conftest.c >&5
configure:4504: $? = 0
configure:4504: result: yes
configure:4504: checking netdb.h presence
configure:4504: gcc -E  conftest.c
configure:4504: $? = 0
configure:4504: result: yes
configure:4504: checking for netdb.h
configure:4504: result: yes
configure:4504: checking netinet/in.h usability
configure:4504: gcc -c -g -O2  conftest.c >&5
configure:4504: $? = 0
configure:4504: result: yes
configure:4504: checking netinet/in.h presence
configure:4504: gcc -E  conftest.c
configure:4504: $? = 0
configure:4504: result: yes
configure:4504: checking for netinet/in.h
configure:4504: result: yes
configure:4504: checking for stdlib.h
configure:4504: result: yes
configure:4504: checking for string.h
configure:4504: result: yes
configure:4504: checking sys/socket.h usability
configure:4504: gcc -c -g -O2  conftest.c >&5
configure:4504: $? = 0
configure:4504: result: yes
configure:4504: checking sys/socket.h presence
configure:4504: gcc -E  conftest.c
configure:4504: $? = 0
configure:4504: result: yes
configure:4504: checking for sys/socket.h
configure:4504: result: yes
configure:4504: checking for unistd.h
configure:4504: result: yes
configure:4504: checking stdio.h usability
configure:4504: gcc -c -g -O2  conftest.c >&5
configure:4504: $? = 0
configure:4504: result: yes
configure:4504: checking stdio.h presence
configure:4504: gcc -E  conftest.c
configure:4504: $? = 0
configure:4504: result: yes
configure:4504: checking for stdio.h
configure:4504: result: yes
configure:4504: checking errno.h usability
configure:4504: gcc -c -g -O2  conftest.c >&5
configure:4504: $? = 0
configure:4504: result: yes
configure:4504: checking errno.h presence
configure:4504: gcc -E  conftest.c
configure:4504: $? = 0
configure:4504: result: yes
configure:4504: checking for errno.h
configure:4504: result: yes
configure:4504: checking signal.h usability
configure:4504: gcc -c -g -O2  conftest.c >&5
configure:4504: $? = 0
configure:4504: result: yes
configure:4504: checking signal.h presence
configure:4504: gcc -E  conftest.c
configure:4504: $? = 0
configure:4504: result: yes
configure:4504: checking for signal.h
configure:4504: result: yes
configure:4504: checking for netdb.h
configure:4504: result: yes
configure:4504: checking pthread.h usability
configure:4504: gcc -c -g -O2  conftest.c >&5
configure:4504: $? = 0
configure:4504: result: yes
configure:4504: checking pthread.h presence
configure:4504: gcc -E  conftest.c
configure:4504: $? = 0
configure:4504: result: yes
configure:4504: checking for pthread.h
configure:4504: result: yes
configure:4504: checking my_global.h usability
configure:4504: gcc -c -g -O2  conftest.c >&5
conftest.c:71:23: fatal error: my_global.h: No such file or directory
compilation terminated.
configure:4504: $? = 1
configure: failed program was:
| /* confdefs.h */
| #define PACKAGE_NAME "bertomzilla"
| #define PACKAGE_TARNAME "bertomzilla"
| #define PACKAGE_VERSION "1.0"
| #define PACKAGE_STRING "bertomzilla 1.0"
| #define PACKAGE_BUGREPORT "joris.bertomeu@epitech.eu"
| #define PACKAGE_URL ""
| #define PACKAGE "bertomzilla"
| #define VERSION "1.0"
| #define HAVE_LIBCRYPTO 1
| #define HAVE_LIBMYSQLCLIENT 1
| #define HAVE_LIBPTHREAD 1
| #define HAVE_LIBDL 1
| #define STDC_HEADERS 1
| #define HAVE_SYS_TYPES_H 1
| #define HAVE_SYS_STAT_H 1
| #define HAVE_STDLIB_H 1
| #define HAVE_STRING_H 1
| #define HAVE_MEMORY_H 1
| #define HAVE_STRINGS_H 1
| #define HAVE_INTTYPES_H 1
| #define HAVE_STDINT_H 1
| #define HAVE_UNISTD_H 1
| #define HAVE_ARPA_INET_H 1
| #define HAVE_FCNTL_H 1
| #define HAVE_NETDB_H 1
| #define HAVE_NETINET_IN_H 1
| #define HAVE_STDLIB_H 1
| #define HAVE_STRING_H 1
| #define HAVE_SYS_SOCKET_H 1
| #define HAVE_UNISTD_H 1
| #define HAVE_STDIO_H 1
| #define HAVE_ERRNO_H 1
| #define HAVE_SIGNAL_H 1
| #define HAVE_NETDB_H 1
| #define HAVE_PTHREAD_H 1
| /* end confdefs.h.  */
| #include <stdio.h>
| #ifdef HAVE_SYS_TYPES_H
| # include <sys/types.h>
| #endif
| #ifdef HAVE_SYS_STAT_H
| # include <sys/stat.h>
| #endif
| #ifdef STDC_HEADERS
| # include <stdlib.h>
| # include <stddef.h>
| #else
| # ifdef HAVE_STDLIB_H
| #  include <stdlib.h>
| # endif
| #endif
| #ifdef HAVE_STRING_H
| # if !defined STDC_HEADERS && defined HAVE_MEMORY_H
| #  include <memory.h>
| # endif
| # include <string.h>
| #endif
| #ifdef HAVE_STRINGS_H
| # include <strings.h>
| #endif
| #ifdef HAVE_INTTYPES_H
| # include <inttypes.h>
| #endif
| #ifdef HAVE_STDINT_H
| # include <stdint.h>
| #endif
| #ifdef HAVE_UNISTD_H
| # include <unistd.h>
| #endif
| #include <my_global.h>
configure:4504: result: no
configure:4504: checking my_global.h presence
configure:4504: gcc -E  conftest.c
conftest.c:38:23: fatal error: my_global.h: No such file or directory
compilation terminated.
configure:4504: $? = 1
configure: failed program was:
| /* confdefs.h */
| #define PACKAGE_NAME "bertomzilla"
| #define PACKAGE_TARNAME "bertomzilla"
| #define PACKAGE_VERSION "1.0"
| #define PACKAGE_STRING "bertomzilla 1.0"
| #define PACKAGE_BUGREPORT "joris.bertomeu@epitech.eu"
| #define PACKAGE_URL ""
| #define PACKAGE "bertomzilla"
| #define VERSION "1.0"
| #define HAVE_LIBCRYPTO 1
| #define HAVE_LIBMYSQLCLIENT 1
| #define HAVE_LIBPTHREAD 1
| #define HAVE_LIBDL 1
| #define STDC_HEADERS 1
| #define HAVE_SYS_TYPES_H 1
| #define HAVE_SYS_STAT_H 1
| #define HAVE_STDLIB_H 1
| #define HAVE_STRING_H 1
| #define HAVE_MEMORY_H 1
| #define HAVE_STRINGS_H 1
| #define HAVE_INTTYPES_H 1
| #define HAVE_STDINT_H 1
| #define HAVE_UNISTD_H 1
| #define HAVE_ARPA_INET_H 1
| #define HAVE_FCNTL_H 1
| #define HAVE_NETDB_H 1
| #define HAVE_NETINET_IN_H 1
| #define HAVE_STDLIB_H 1
| #define HAVE_STRING_H 1
| #define HAVE_SYS_SOCKET_H 1
| #define HAVE_UNISTD_H 1
| #define HAVE_STDIO_H 1
| #define HAVE_ERRNO_H 1
| #define HAVE_SIGNAL_H 1
| #define HAVE_NETDB_H 1
| #define HAVE_PTHREAD_H 1
| /* end confdefs.h.  */
| #include <my_global.h>
configure:4504: result: no
configure:4504: checking for my_global.h
configure:4504: result: no
configure:4504: checking mysql.h usability
configure:4504: gcc -c -g -O2  conftest.c >&5
conftest.c:71:19: fatal error: mysql.h: No such file or directory
compilation terminated.
configure:4504: $? = 1
configure: failed program was:
| /* confdefs.h */
| #define PACKAGE_NAME "bertomzilla"
| #define PACKAGE_TARNAME "bertomzilla"
| #define PACKAGE_VERSION "1.0"
| #define PACKAGE_STRING "bertomzilla 1.0"
| #define PACKAGE_BUGREPORT "joris.bertomeu@epitech.eu"
| #define PACKAGE_URL ""
| #define PACKAGE "bertomzilla"
| #define VERSION "1.0"
| #define HAVE_LIBCRYPTO 1
| #define HAVE_LIBMYSQLCLIENT 1
| #define HAVE_LIBPTHREAD 1
| #define HAVE_LIBDL 1
| #define STDC_HEADERS 1
| #define HAVE_SYS_TYPES_H 1
| #define HAVE_SYS_STAT_H 1
| #define HAVE_STDLIB_H 1
| #define HAVE_STRING_H 1
| #define HAVE_MEMORY_H 1
| #define HAVE_STRINGS_H 1
| #define HAVE_INTTYPES_H 1
| #define HAVE_STDINT_H 1
| #define HAVE_UNISTD_H 1
| #define HAVE_ARPA_INET_H 1
| #define HAVE_FCNTL_H 1
| #define HAVE_NETDB_H 1
| #define HAVE_NETINET_IN_H 1
| #define HAVE_STDLIB_H 1
| #define HAVE_STRING_H 1
| #define HAVE_SYS_SOCKET_H 1
| #define HAVE_UNISTD_H 1
| #define HAVE_STDIO_H 1
| #define HAVE_ERRNO_H 1
| #define HAVE_SIGNAL_H 1
| #define HAVE_NETDB_H 1
| #define HAVE_PTHREAD_H 1
| /* end confdefs.h.  */
| #include <stdio.h>
| #ifdef HAVE_SYS_TYPES_H
| # include <sys/types.h>
| #endif
| #ifdef HAVE_SYS_STAT_H
| # include <sys/stat.h>
| #endif
| #ifdef STDC_HEADERS
| # include <stdlib.h>
| # include <stddef.h>
| #else
| # ifdef HAVE_STDLIB_H
| #  include <stdlib.h>
| # endif
| #endif
| #ifdef HAVE_STRING_H
| # if !defined STDC_HEADERS && defined HAVE_MEMORY_H
| #  include <memory.h>
| # endif
| # include <string.h>
| #endif
| #ifdef HAVE_STRINGS_H
| # include <strings.h>
| #endif
| #ifdef HAVE_INTTYPES_H
| # include <inttypes.h>
| #endif
| #ifdef HAVE_STDINT_H
| # include <stdint.h>
| #endif
| #ifdef HAVE_UNISTD_H
| # include <unistd.h>
| #endif
| #include <mysql.h>
configure:4504: result: no
configure:4504: checking mysql.h presence
configure:4504: gcc -E  conftest.c
conftest.c:38:19: fatal error: mysql.h: No such file or directory
compilation terminated.
configure:4504: $? = 1
configure: failed program was:
| /* confdefs.h */
| #define PACKAGE_NAME "bertomzilla"
| #define PACKAGE_TARNAME "bertomzilla"
| #define PACKAGE_VERSION "1.0"
| #define PACKAGE_STRING "bertomzilla 1.0"
| #define PACKAGE_BUGREPORT "joris.bertomeu@epitech.eu"
| #define PACKAGE_URL ""
| #define PACKAGE "bertomzilla"
| #define VERSION "1.0"
| #define HAVE_LIBCRYPTO 1
| #define HAVE_LIBMYSQLCLIENT 1
| #define HAVE_LIBPTHREAD 1
| #define HAVE_LIBDL 1
| #define STDC_HEADERS 1
| #define HAVE_SYS_TYPES_H 1
| #define HAVE_SYS_STAT_H 1
| #define HAVE_STDLIB_H 1
| #define HAVE_STRING_H 1
| #define HAVE_MEMORY_H 1
| #define HAVE_STRINGS_H 1
| #define HAVE_INTTYPES_H 1
| #define HAVE_STDINT_H 1
| #define HAVE_UNISTD_H 1
| #define HAVE_ARPA_INET_H 1
| #define HAVE_FCNTL_H 1
| #define HAVE_NETDB_H 1
| #define HAVE_NETINET_IN_H 1
| #define HAVE_STDLIB_H 1
| #define HAVE_STRING_H 1
| #define HAVE_SYS_SOCKET_H 1
| #define HAVE_UNISTD_H 1
| #define HAVE_STDIO_H 1
| #define HAVE_ERRNO_H 1
| #define HAVE_SIGNAL_H 1
| #define HAVE_NETDB_H 1
| #define HAVE_PTHREAD_H 1
| /* end confdefs.h.  */
| #include <mysql.h>
configure:4504: result: no
configure:4504: checking for mysql.h
configure:4504: result: no
configure:4504: checking openssl/pem.h usability
configure:4504: gcc -c -g -O2  conftest.c >&5
configure:4504: $? = 0
configure:4504: result: yes
configure:4504: checking openssl/pem.h presence
configure:4504: gcc -E  conftest.c
configure:4504: $? = 0
configure:4504: result: yes
configure:4504: checking for openssl/pem.h
configure:4504: result: yes
configure:4504: checking openssl/ssl.h usability
configure:4504: gcc -c -g -O2  conftest.c >&5
configure:4504: $? = 0
configure:4504: result: yes
configure:4504: checking openssl/ssl.h presence
configure:4504: gcc -E  conftest.c
configure:4504: $? = 0
configure:4504: result: yes
configure:4504: checking for openssl/ssl.h
configure:4504: result: yes
configure:4504: checking openssl/rsa.h usability
configure:4504: gcc -c -g -O2  conftest.c >&5
configure:4504: $? = 0
configure:4504: result: yes
configure:4504: checking openssl/rsa.h presence
configure:4504: gcc -E  conftest.c
configure:4504: $? = 0
configure:4504: result: yes
configure:4504: checking for openssl/rsa.h
configure:4504: result: yes
configure:4504: checking openssl/evp.h usability
configure:4504: gcc -c -g -O2  conftest.c >&5
configure:4504: $? = 0
configure:4504: result: yes
configure:4504: checking openssl/evp.h presence
configure:4504: gcc -E  conftest.c
configure:4504: $? = 0
configure:4504: result: yes
configure:4504: checking for openssl/evp.h
configure:4504: result: yes
configure:4504: checking openssl/bio.h usability
configure:4504: gcc -c -g -O2  conftest.c >&5
configure:4504: $? = 0
configure:4504: result: yes
configure:4504: checking openssl/bio.h presence
configure:4504: gcc -E  conftest.c
configure:4504: $? = 0
configure:4504: result: yes
configure:4504: checking for openssl/bio.h
configure:4504: result: yes
configure:4504: checking openssl/sha.h usability
configure:4504: gcc -c -g -O2  conftest.c >&5
configure:4504: $? = 0
configure:4504: result: yes
configure:4504: checking openssl/sha.h presence
configure:4504: gcc -E  conftest.c
configure:4504: $? = 0
configure:4504: result: yes
configure:4504: checking for openssl/sha.h
configure:4504: result: yes
configure:4504: checking dirent.h usability
configure:4504: gcc -c -g -O2  conftest.c >&5
configure:4504: $? = 0
configure:4504: result: yes
configure:4504: checking dirent.h presence
configure:4504: gcc -E  conftest.c
configure:4504: $? = 0
configure:4504: result: yes
configure:4504: checking for dirent.h
configure:4504: result: yes
configure:4516: checking for off_t
configure:4516: gcc -c -g -O2  conftest.c >&5
configure:4516: $? = 0
configure:4516: gcc -c -g -O2  conftest.c >&5
conftest.c: In function 'main':
conftest.c:81:20: error: expected expression before ')' token
configure:4516: $? = 1
configure: failed program was:
| /* confdefs.h */
| #define PACKAGE_NAME "bertomzilla"
| #define PACKAGE_TARNAME "bertomzilla"
| #define PACKAGE_VERSION "1.0"
| #define PACKAGE_STRING "bertomzilla 1.0"
| #define PACKAGE_BUGREPORT "joris.bertomeu@epitech.eu"
| #define PACKAGE_URL ""
| #define PACKAGE "bertomzilla"
| #define VERSION "1.0"
| #define HAVE_LIBCRYPTO 1
| #define HAVE_LIBMYSQLCLIENT 1
| #define HAVE_LIBPTHREAD 1
| #define HAVE_LIBDL 1
| #define STDC_HEADERS 1
| #define HAVE_SYS_TYPES_H 1
| #define HAVE_SYS_STAT_H 1
| #define HAVE_STDLIB_H 1
| #define HAVE_STRING_H 1
| #define HAVE_MEMORY_H 1
| #define HAVE_STRINGS_H 1
| #define HAVE_INTTYPES_H 1
| #define HAVE_STDINT_H 1
| #define HAVE_UNISTD_H 1
| #define HAVE_ARPA_INET_H 1
| #define HAVE_FCNTL_H 1
| #define HAVE_NETDB_H 1
| #define HAVE_NETINET_IN_H 1
| #define HAVE_STDLIB_H 1
| #define HAVE_STRING_H 1
| #define HAVE_SYS_SOCKET_H 1
| #define HAVE_UNISTD_H 1
| #define HAVE_STDIO_H 1
| #define HAVE_ERRNO_H 1
| #define HAVE_SIGNAL_H 1
| #define HAVE_NETDB_H 1
| #define HAVE_PTHREAD_H 1
| #define HAVE_OPENSSL_PEM_H 1
| #define HAVE_OPENSSL_SSL_H 1
| #define HAVE_OPENSSL_RSA_H 1
| #define HAVE_OPENSSL_EVP_H 1
| #define HAVE_OPENSSL_BIO_H 1
| #define HAVE_OPENSSL_SHA_H 1
| #define HAVE_DIRENT_H 1
| /* end confdefs.h.  */
| #include <stdio.h>
| #ifdef HAVE_SYS_TYPES_H
| # include <sys/types.h>
| #endif
| #ifdef HAVE_SYS_STAT_H
| # include <sys/stat.h>
| #endif
| #ifdef STDC_HEADERS
| # include <stdlib.h>
| # include <stddef.h>
| #else
| # ifdef HAVE_STDLIB_H
| #  include <stdlib.h>
| # endif
| #endif
| #ifdef HAVE_STRING_H
| # if !defined STDC_HEADERS && defined HAVE_MEMORY_H
| #  include <memory.h>
| # endif
| # include <string.h>
| #endif
| #ifdef HAVE_STRINGS_H
| # include <strings.h>
| #endif
| #ifdef HAVE_INTTYPES_H
| # include <inttypes.h>
| #endif
| #ifdef HAVE_STDINT_H
| # include <stdint.h>
| #endif
| #ifdef HAVE_UNISTD_H
| # include <unistd.h>
| #endif
| int
| main ()
| {
| if (sizeof ((off_t)))
| 	    return 0;
|   ;
|   return 0;
| }
configure:4516: result: yes
configure:4527: checking for size_t
configure:4527: gcc -c -g -O2  conftest.c >&5
configure:4527: $? = 0
configure:4527: gcc -c -g -O2  conftest.c >&5
conftest.c: In function 'main':
conftest.c:81:21: error: expected expression before ')' token
configure:4527: $? = 1
configure: failed program was:
| /* confdefs.h */
| #define PACKAGE_NAME "bertomzilla"
| #define PACKAGE_TARNAME "bertomzilla"
| #define PACKAGE_VERSION "1.0"
| #define PACKAGE_STRING "bertomzilla 1.0"
| #define PACKAGE_BUGREPORT "joris.bertomeu@epitech.eu"
| #define PACKAGE_URL ""
| #define PACKAGE "bertomzilla"
| #define VERSION "1.0"
| #define HAVE_LIBCRYPTO 1
| #define HAVE_LIBMYSQLCLIENT 1
| #define HAVE_LIBPTHREAD 1
| #define HAVE_LIBDL 1
| #define STDC_HEADERS 1
| #define HAVE_SYS_TYPES_H 1
| #define HAVE_SYS_STAT_H 1
| #define HAVE_STDLIB_H 1
| #define HAVE_STRING_H 1
| #define HAVE_MEMORY_H 1
| #define HAVE_STRINGS_H 1
| #define HAVE_INTTYPES_H 1
| #define HAVE_STDINT_H 1
| #define HAVE_UNISTD_H 1
| #define HAVE_ARPA_INET_H 1
| #define HAVE_FCNTL_H 1
| #define HAVE_NETDB_H 1
| #define HAVE_NETINET_IN_H 1
| #define HAVE_STDLIB_H 1
| #define HAVE_STRING_H 1
| #define HAVE_SYS_SOCKET_H 1
| #define HAVE_UNISTD_H 1
| #define HAVE_STDIO_H 1
| #define HAVE_ERRNO_H 1
| #define HAVE_SIGNAL_H 1
| #define HAVE_NETDB_H 1
| #define HAVE_PTHREAD_H 1
| #define HAVE_OPENSSL_PEM_H 1
| #define HAVE_OPENSSL_SSL_H 1
| #define HAVE_OPENSSL_RSA_H 1
| #define HAVE_OPENSSL_EVP_H 1
| #define HAVE_OPENSSL_BIO_H 1
| #define HAVE_OPENSSL_SHA_H 1
| #define HAVE_DIRENT_H 1
| /* end confdefs.h.  */
| #include <stdio.h>
| #ifdef HAVE_SYS_TYPES_H
| # include <sys/types.h>
| #endif
| #ifdef HAVE_SYS_STAT_H
| # include <sys/stat.h>
| #endif
| #ifdef STDC_HEADERS
| # include <stdlib.h>
| # include <stddef.h>
| #else
| # ifdef HAVE_STDLIB_H
| #  include <stdlib.h>
| # endif
| #endif
| #ifdef HAVE_STRING_H
| # if !defined STDC_HEADERS && defined HAVE_MEMORY_H
| #  include <memory.h>
| # endif
| # include <string.h>
| #endif
| #ifdef HAVE_STRINGS_H
| # include <strings.h>
| #endif
| #ifdef HAVE_INTTYPES_H
| # include <inttypes.h>
| #endif
| #ifdef HAVE_STDINT_H
| # include <stdint.h>
| #endif
| #ifdef HAVE_UNISTD_H
| # include <unistd.h>
| #endif
| int
| main ()
| {
| if (sizeof ((size_t)))
| 	    return 0;
|   ;
|   return 0;
| }
configure:4527: result: yes
configure:4538: checking for ssize_t
configure:4538: gcc -c -g -O2  conftest.c >&5
configure:4538: $? = 0
configure:4538: gcc -c -g -O2  conftest.c >&5
conftest.c: In function 'main':
conftest.c:81:22: error: expected expression before ')' token
configure:4538: $? = 1
configure: failed program was:
| /* confdefs.h */
| #define PACKAGE_NAME "bertomzilla"
| #define PACKAGE_TARNAME "bertomzilla"
| #define PACKAGE_VERSION "1.0"
| #define PACKAGE_STRING "bertomzilla 1.0"
| #define PACKAGE_BUGREPORT "joris.bertomeu@epitech.eu"
| #define PACKAGE_URL ""
| #define PACKAGE "bertomzilla"
| #define VERSION "1.0"
| #define HAVE_LIBCRYPTO 1
| #define HAVE_LIBMYSQLCLIENT 1
| #define HAVE_LIBPTHREAD 1
| #define HAVE_LIBDL 1
| #define STDC_HEADERS 1
| #define HAVE_SYS_TYPES_H 1
| #define HAVE_SYS_STAT_H 1
| #define HAVE_STDLIB_H 1
| #define HAVE_STRING_H 1
| #define HAVE_MEMORY_H 1
| #define HAVE_STRINGS_H 1
| #define HAVE_INTTYPES_H 1
| #define HAVE_STDINT_H 1
| #define HAVE_UNISTD_H 1
| #define HAVE_ARPA_INET_H 1
| #define HAVE_FCNTL_H 1
| #define HAVE_NETDB_H 1
| #define HAVE_NETINET_IN_H 1
| #define HAVE_STDLIB_H 1
| #define HAVE_STRING_H 1
| #define HAVE_SYS_SOCKET_H 1
| #define HAVE_UNISTD_H 1
| #define HAVE_STDIO_H 1
| #define HAVE_ERRNO_H 1
| #define HAVE_SIGNAL_H 1
| #define HAVE_NETDB_H 1
| #define HAVE_PTHREAD_H 1
| #define HAVE_OPENSSL_PEM_H 1
| #define HAVE_OPENSSL_SSL_H 1
| #define HAVE_OPENSSL_RSA_H 1
| #define HAVE_OPENSSL_EVP_H 1
| #define HAVE_OPENSSL_BIO_H 1
| #define HAVE_OPENSSL_SHA_H 1
| #define HAVE_DIRENT_H 1
| /* end confdefs.h.  */
| #include <stdio.h>
| #ifdef HAVE_SYS_TYPES_H
| # include <sys/types.h>
| #endif
| #ifdef HAVE_SYS_STAT_H
| # include <sys/stat.h>
| #endif
| #ifdef STDC_HEADERS
| # include <stdlib.h>
| # include <stddef.h>
| #else
| # ifdef HAVE_STDLIB_H
| #  include <stdlib.h>
| # endif
| #endif
| #ifdef HAVE_STRING_H
| # if !defined STDC_HEADERS && defined HAVE_MEMORY_H
| #  include <memory.h>
| # endif
| # include <string.h>
| #endif
| #ifdef HAVE_STRINGS_H
| # include <strings.h>
| #endif
| #ifdef HAVE_INTTYPES_H
| # include <inttypes.h>
| #endif
| #ifdef HAVE_STDINT_H
| # include <stdint.h>
| #endif
| #ifdef HAVE_UNISTD_H
| # include <unistd.h>
| #endif
| int
| main ()
| {
| if (sizeof ((ssize_t)))
| 	    return 0;
|   ;
|   return 0;
| }
configure:4538: result: yes
configure:4549: checking for uint32_t
configure:4549: gcc -c -g -O2  conftest.c >&5
configure:4549: $? = 0
configure:4549: result: yes
configure:4565: checking for pid_t
configure:4565: gcc -c -g -O2  conftest.c >&5
configure:4565: $? = 0
configure:4565: gcc -c -g -O2  conftest.c >&5
conftest.c: In function 'main':
conftest.c:81:20: error: expected expression before ')' token
configure:4565: $? = 1
configure: failed program was:
| /* confdefs.h */
| #define PACKAGE_NAME "bertomzilla"
| #define PACKAGE_TARNAME "bertomzilla"
| #define PACKAGE_VERSION "1.0"
| #define PACKAGE_STRING "bertomzilla 1.0"
| #define PACKAGE_BUGREPORT "joris.bertomeu@epitech.eu"
| #define PACKAGE_URL ""
| #define PACKAGE "bertomzilla"
| #define VERSION "1.0"
| #define HAVE_LIBCRYPTO 1
| #define HAVE_LIBMYSQLCLIENT 1
| #define HAVE_LIBPTHREAD 1
| #define HAVE_LIBDL 1
| #define STDC_HEADERS 1
| #define HAVE_SYS_TYPES_H 1
| #define HAVE_SYS_STAT_H 1
| #define HAVE_STDLIB_H 1
| #define HAVE_STRING_H 1
| #define HAVE_MEMORY_H 1
| #define HAVE_STRINGS_H 1
| #define HAVE_INTTYPES_H 1
| #define HAVE_STDINT_H 1
| #define HAVE_UNISTD_H 1
| #define HAVE_ARPA_INET_H 1
| #define HAVE_FCNTL_H 1
| #define HAVE_NETDB_H 1
| #define HAVE_NETINET_IN_H 1
| #define HAVE_STDLIB_H 1
| #define HAVE_STRING_H 1
| #define HAVE_SYS_SOCKET_H 1
| #define HAVE_UNISTD_H 1
| #define HAVE_STDIO_H 1
| #define HAVE_ERRNO_H 1
| #define HAVE_SIGNAL_H 1
| #define HAVE_NETDB_H 1
| #define HAVE_PTHREAD_H 1
| #define HAVE_OPENSSL_PEM_H 1
| #define HAVE_OPENSSL_SSL_H 1
| #define HAVE_OPENSSL_RSA_H 1
| #define HAVE_OPENSSL_EVP_H 1
| #define HAVE_OPENSSL_BIO_H 1
| #define HAVE_OPENSSL_SHA_H 1
| #define HAVE_DIRENT_H 1
| /* end confdefs.h.  */
| #include <stdio.h>
| #ifdef HAVE_SYS_TYPES_H
| # include <sys/types.h>
| #endif
| #ifdef HAVE_SYS_STAT_H
| # include <sys/stat.h>
| #endif
| #ifdef STDC_HEADERS
| # include <stdlib.h>
| # include <stddef.h>
| #else
| # ifdef HAVE_STDLIB_H
| #  include <stdlib.h>
| # endif
| #endif
| #ifdef HAVE_STRING_H
| # if !defined STDC_HEADERS && defined HAVE_MEMORY_H
| #  include <memory.h>
| # endif
| # include <string.h>
| #endif
| #ifdef HAVE_STRINGS_H
| # include <strings.h>
| #endif
| #ifdef HAVE_INTTYPES_H
| # include <inttypes.h>
| #endif
| #ifdef HAVE_STDINT_H
| # include <stdint.h>
| #endif
| #ifdef HAVE_UNISTD_H
| # include <unistd.h>
| #endif
| int
| main ()
| {
| if (sizeof ((pid_t)))
| 	    return 0;
|   ;
|   return 0;
| }
configure:4565: result: yes
configure:4578: checking vfork.h usability
configure:4578: gcc -c -g -O2  conftest.c >&5
conftest.c:78:19: fatal error: vfork.h: No such file or directory
compilation terminated.
configure:4578: $? = 1
configure: failed program was:
| /* confdefs.h */
| #define PACKAGE_NAME "bertomzilla"
| #define PACKAGE_TARNAME "bertomzilla"
| #define PACKAGE_VERSION "1.0"
| #define PACKAGE_STRING "bertomzilla 1.0"
| #define PACKAGE_BUGREPORT "joris.bertomeu@epitech.eu"
| #define PACKAGE_URL ""
| #define PACKAGE "bertomzilla"
| #define VERSION "1.0"
| #define HAVE_LIBCRYPTO 1
| #define HAVE_LIBMYSQLCLIENT 1
| #define HAVE_LIBPTHREAD 1
| #define HAVE_LIBDL 1
| #define STDC_HEADERS 1
| #define HAVE_SYS_TYPES_H 1
| #define HAVE_SYS_STAT_H 1
| #define HAVE_STDLIB_H 1
| #define HAVE_STRING_H 1
| #define HAVE_MEMORY_H 1
| #define HAVE_STRINGS_H 1
| #define HAVE_INTTYPES_H 1
| #define HAVE_STDINT_H 1
| #define HAVE_UNISTD_H 1
| #define HAVE_ARPA_INET_H 1
| #define HAVE_FCNTL_H 1
| #define HAVE_NETDB_H 1
| #define HAVE_NETINET_IN_H 1
| #define HAVE_STDLIB_H 1
| #define HAVE_STRING_H 1
| #define HAVE_SYS_SOCKET_H 1
| #define HAVE_UNISTD_H 1
| #define HAVE_STDIO_H 1
| #define HAVE_ERRNO_H 1
| #define HAVE_SIGNAL_H 1
| #define HAVE_NETDB_H 1
| #define HAVE_PTHREAD_H 1
| #define HAVE_OPENSSL_PEM_H 1
| #define HAVE_OPENSSL_SSL_H 1
| #define HAVE_OPENSSL_RSA_H 1
| #define HAVE_OPENSSL_EVP_H 1
| #define HAVE_OPENSSL_BIO_H 1
| #define HAVE_OPENSSL_SHA_H 1
| #define HAVE_DIRENT_H 1
| /* end confdefs.h.  */
| #include <stdio.h>
| #ifdef HAVE_SYS_TYPES_H
| # include <sys/types.h>
| #endif
| #ifdef HAVE_SYS_STAT_H
| # include <sys/stat.h>
| #endif
| #ifdef STDC_HEADERS
| # include <stdlib.h>
| # include <stddef.h>
| #else
| # ifdef HAVE_STDLIB_H
| #  include <stdlib.h>
| # endif
| #endif
| #ifdef HAVE_STRING_H
| # if !defined STDC_HEADERS && defined HAVE_MEMORY_H
| #  include <memory.h>
| # endif
| # include <string.h>
| #endif
| #ifdef HAVE_STRINGS_H
| # include <strings.h>
| #endif
| #ifdef HAVE_INTTYPES_H
| # include <inttypes.h>
| #endif
| #ifdef HAVE_STDINT_H
| # include <stdint.h>
| #endif
| #ifdef HAVE_UNISTD_H
| # include <unistd.h>
| #endif
| #include <vfork.h>
configure:4578: result: no
configure:4578: checking vfork.h presence
configure:4578: gcc -E  conftest.c
conftest.c:45:19: fatal error: vfork.h: No such file or directory
compilation terminated.
configure:4578: $? = 1
configure: failed program was:
| /* confdefs.h */
| #define PACKAGE_NAME "bertomzilla"
| #define PACKAGE_TARNAME "bertomzilla"
| #define PACKAGE_VERSION "1.0"
| #define PACKAGE_STRING "bertomzilla 1.0"
| #define PACKAGE_BUGREPORT "joris.bertomeu@epitech.eu"
| #define PACKAGE_URL ""
| #define PACKAGE "bertomzilla"
| #define VERSION "1.0"
| #define HAVE_LIBCRYPTO 1
| #define HAVE_LIBMYSQLCLIENT 1
| #define HAVE_LIBPTHREAD 1
| #define HAVE_LIBDL 1
| #define STDC_HEADERS 1
| #define HAVE_SYS_TYPES_H 1
| #define HAVE_SYS_STAT_H 1
| #define HAVE_STDLIB_H 1
| #define HAVE_STRING_H 1
| #define HAVE_MEMORY_H 1
| #define HAVE_STRINGS_H 1
| #define HAVE_INTTYPES_H 1
| #define HAVE_STDINT_H 1
| #define HAVE_UNISTD_H 1
| #define HAVE_ARPA_INET_H 1
| #define HAVE_FCNTL_H 1
| #define HAVE_NETDB_H 1
| #define HAVE_NETINET_IN_H 1
| #define HAVE_STDLIB_H 1
| #define HAVE_STRING_H 1
| #define HAVE_SYS_SOCKET_H 1
| #define HAVE_UNISTD_H 1
| #define HAVE_STDIO_H 1
| #define HAVE_ERRNO_H 1
| #define HAVE_SIGNAL_H 1
| #define HAVE_NETDB_H 1
| #define HAVE_PTHREAD_H 1
| #define HAVE_OPENSSL_PEM_H 1
| #define HAVE_OPENSSL_SSL_H 1
| #define HAVE_OPENSSL_RSA_H 1
| #define HAVE_OPENSSL_EVP_H 1
| #define HAVE_OPENSSL_BIO_H 1
| #define HAVE_OPENSSL_SHA_H 1
| #define HAVE_DIRENT_H 1
| /* end confdefs.h.  */
| #include <vfork.h>
configure:4578: result: no
configure:4578: checking for vfork.h
configure:4578: result: no
configure:4591: checking for fork
configure:4591: gcc -o conftest -g -O2   conftest.c -ldl -lpthread -lmysqlclient -lcrypto  >&5
conftest.c:68:6: warning: conflicting types for built-in function 'fork' [enabled by default]
configure:4591: $? = 0
configure:4591: result: yes
configure:4591: checking for vfork
configure:4591: gcc -o conftest -g -O2   conftest.c -ldl -lpthread -lmysqlclient -lcrypto  >&5
configure:4591: $? = 0
configure:4591: result: yes
configure:4601: checking for working fork
configure:4623: gcc -o conftest -g -O2   conftest.c -ldl -lpthread -lmysqlclient -lcrypto  >&5
configure:4623: $? = 0
configure:4623: ./conftest
configure:4623: $? = 0
configure:4633: result: yes
configure:4654: checking for working vfork
configure:4764: result: yes
configure:4791: checking for stdlib.h
configure:4791: result: yes
configure:4801: checking for GNU libc compatible malloc
configure:4825: gcc -o conftest -g -O2   conftest.c -ldl -lpthread -lmysqlclient -lcrypto  >&5
configure:4825: $? = 0
configure:4825: ./conftest
configure:4825: $? = 0
configure:4835: result: yes
configure:4859: checking for bzero
configure:4859: gcc -o conftest -g -O2   conftest.c -ldl -lpthread -lmysqlclient -lcrypto  >&5
conftest.c:74:6: warning: conflicting types for built-in function 'bzero' [enabled by default]
configure:4859: $? = 0
configure:4859: result: yes
configure:4859: checking for getcwd
configure:4859: gcc -o conftest -g -O2   conftest.c -ldl -lpthread -lmysqlclient -lcrypto  >&5
configure:4859: $? = 0
configure:4859: result: yes
configure:4859: checking for mkdir
configure:4859: gcc -o conftest -g -O2   conftest.c -ldl -lpthread -lmysqlclient -lcrypto  >&5
configure:4859: $? = 0
configure:4859: result: yes
configure:4859: checking for rmdir
configure:4859: gcc -o conftest -g -O2   conftest.c -ldl -lpthread -lmysqlclient -lcrypto  >&5
configure:4859: $? = 0
configure:4859: result: yes
configure:4859: checking for socket
configure:4859: gcc -o conftest -g -O2   conftest.c -ldl -lpthread -lmysqlclient -lcrypto  >&5
configure:4859: $? = 0
configure:4859: result: yes
configure:4859: checking for strerror
configure:4859: gcc -o conftest -g -O2   conftest.c -ldl -lpthread -lmysqlclient -lcrypto  >&5
configure:4859: $? = 0
configure:4859: result: yes
configure:4980: checking that generated files are newer than configure
configure:4986: result: done
configure:5009: creating ./config.status

## ---------------------- ##
## Running config.status. ##
## ---------------------- ##

This file was extended by bertomzilla config.status 1.0, which was
generated by GNU Autoconf 2.69.  Invocation command line was

  CONFIG_FILES    = 
  CONFIG_HEADERS  = 
  CONFIG_LINKS    = 
  CONFIG_COMMANDS = 
  $ ./config.status 

on debian

config.status:888: creating Makefile
config.status:888: creating config.h
config.status:1069: config.h is unchanged
config.status:1117: executing depfiles commands

## ---------------- ##
## Cache variables. ##
## ---------------- ##

ac_cv_c_compiler_gnu=yes
ac_cv_c_uint32_t=yes
ac_cv_env_CC_set=
ac_cv_env_CC_value=
ac_cv_env_CFLAGS_set=
ac_cv_env_CFLAGS_value=
ac_cv_env_CPPFLAGS_set=
ac_cv_env_CPPFLAGS_value=
ac_cv_env_CPP_set=
ac_cv_env_CPP_value=
ac_cv_env_LDFLAGS_set=
ac_cv_env_LDFLAGS_value=
ac_cv_env_LIBS_set=
ac_cv_env_LIBS_value=
ac_cv_env_build_alias_set=
ac_cv_env_build_alias_value=
ac_cv_env_host_alias_set=
ac_cv_env_host_alias_value=
ac_cv_env_target_alias_set=
ac_cv_env_target_alias_value=
ac_cv_func_bzero=yes
ac_cv_func_fork=yes
ac_cv_func_fork_works=yes
ac_cv_func_getcwd=yes
ac_cv_func_malloc_0_nonnull=yes
ac_cv_func_mkdir=yes
ac_cv_func_rmdir=yes
ac_cv_func_socket=yes
ac_cv_func_strerror=yes
ac_cv_func_vfork=yes
ac_cv_func_vfork_works=yes
ac_cv_header_arpa_inet_h=yes
ac_cv_header_dirent_h=yes
ac_cv_header_errno_h=yes
ac_cv_header_fcntl_h=yes
ac_cv_header_inttypes_h=yes
ac_cv_header_memory_h=yes
ac_cv_header_my_global_h=no
ac_cv_header_mysql_h=no
ac_cv_header_netdb_h=yes
ac_cv_header_netinet_in_h=yes
ac_cv_header_openssl_bio_h=yes
ac_cv_header_openssl_evp_h=yes
ac_cv_header_openssl_pem_h=yes
ac_cv_header_openssl_rsa_h=yes
ac_cv_header_openssl_sha_h=yes
ac_cv_header_openssl_ssl_h=yes
ac_cv_header_pthread_h=yes
ac_cv_header_signal_h=yes
ac_cv_header_stdc=yes
ac_cv_header_stdint_h=yes
ac_cv_header_stdio_h=yes
ac_cv_header_stdlib_h=yes
ac_cv_header_string_h=yes
ac_cv_header_strings_h=yes
ac_cv_header_sys_socket_h=yes
ac_cv_header_sys_stat_h=yes
ac_cv_header_sys_types_h=yes
ac_cv_header_unistd_h=yes
ac_cv_header_vfork_h=no
ac_cv_lib_crypto_BIO_new_mem_buf=yes
ac_cv_lib_dl_dlopen=yes
ac_cv_lib_mysqlclient_mysql_query=yes
ac_cv_lib_pthread_pthread_create=yes
ac_cv_objext=o
ac_cv_path_EGREP='/bin/grep -E'
ac_cv_path_GREP=/bin/grep
ac_cv_path_install='/usr/bin/install -c'
ac_cv_path_mkdir=/bin/mkdir
ac_cv_prog_AWK=gawk
ac_cv_prog_CPP='gcc -E'
ac_cv_prog_ac_ct_CC=gcc
ac_cv_prog_cc_c89=
ac_cv_prog_cc_g=yes
ac_cv_prog_make_make_set=yes
ac_cv_type_off_t=yes
ac_cv_type_pid_t=yes
ac_cv_type_size_t=yes
ac_cv_type_ssize_t=yes
am_cv_CC_dependencies_compiler_type=gcc3
am_cv_make_support_nested_variables=yes
am_cv_prog_cc_c_o=yes

## ----------------- ##
## Output variables. ##
## ----------------- ##

ACLOCAL='${SHELL} /home/jobertomeu/Work/my_ftp/PSU_2014_myftp/server/missing aclocal-1.14'
AMDEPBACKSLASH='\'
AMDEP_FALSE='#'
AMDEP_TRUE=''
AMTAR='$${TAR-tar}'
AM_BACKSLASH='\'
AM_DEFAULT_V='$(AM_DEFAULT_VERBOSITY)'
AM_DEFAULT_VERBOSITY='1'
AM_V='$(V)'
AUTOCONF='${SHELL} /home/jobertomeu/Work/my_ftp/PSU_2014_myftp/server/missing autoconf'
AUTOHEADER='${SHELL} /home/jobertomeu/Work/my_ftp/PSU_2014_myftp/server/missing autoheader'
AUTOMAKE='${SHELL} /home/jobertomeu/Work/my_ftp/PSU_2014_myftp/server/missing automake-1.14'
AWK='gawk'
CC='gcc'
CCDEPMODE='depmode=gcc3'
CFLAGS='-g -O2'
CPP='gcc -E'
CPPFLAGS=''
CYGPATH_W='echo'
DEFS='-DHAVE_CONFIG_H'
DEPDIR='.deps'
ECHO_C=''
ECHO_N='-n'
ECHO_T=''
EGREP='/bin/grep -E'
EXEEXT=''
GREP='/bin/grep'
INSTALL_DATA='${INSTALL} -m 644'
INSTALL_PROGRAM='${INSTALL}'
INSTALL_SCRIPT='${INSTALL}'
INSTALL_STRIP_PROGRAM='$(install_sh) -c -s'
LDFLAGS=''
LIBOBJS=''
LIBS='-ldl -lpthread -lmysqlclient -lcrypto '
LTLIBOBJS=''
MAKEINFO='${SHELL} /home/jobertomeu/Work/my_ftp/PSU_2014_myftp/server/missing makeinfo'
MKDIR_P='/bin/mkdir -p'
OBJEXT='o'
PACKAGE='bertomzilla'
PACKAGE_BUGREPORT='joris.bertomeu@epitech.eu'
PACKAGE_NAME='bertomzilla'
PACKAGE_STRING='bertomzilla 1.0'
PACKAGE_TARNAME='bertomzilla'
PACKAGE_URL=''
PACKAGE_VERSION='1.0'
PATH_SEPARATOR=':'
SET_MAKE=''
SHELL='/bin/bash'
STRIP=''
VERSION='1.0'
ac_ct_CC='gcc'
am__EXEEXT_FALSE=''
am__EXEEXT_TRUE='#'
am__fastdepCC_FALSE='#'
am__fastdepCC_TRUE=''
am__include='include'
am__isrc=''
am__leading_dot='.'
am__nodep='_no'
am__quote=''
am__tar='$${TAR-tar} chof - "$$tardir"'
am__untar='$${TAR-tar} xf -'
bindir='${exec_prefix}/bin'
build_alias=''
datadir='${datarootdir}'
datarootdir='${prefix}/share'
docdir='${datarootdir}/doc/${PACKAGE_TARNAME}'
dvidir='${docdir}'
exec_prefix='${prefix}'
host_alias=''
htmldir='${docdir}'
includedir='${prefix}/include'
infodir='${datarootdir}/info'
install_sh='${SHELL} /home/jobertomeu/Work/my_ftp/PSU_2014_myftp/server/install-sh'
libdir='${exec_prefix}/lib'
libexecdir='${exec_prefix}/libexec'
localedir='${datarootdir}/locale'
localstatedir='${prefix}/var'
mandir='${datarootdir}/man'
mkdir_p='$(MKDIR_P)'
oldincludedir='/usr/include'
pdfdir='${docdir}'
prefix='/usr/local'
program_transform_name='s,x,x,'
psdir='${docdir}'
sbindir='${exec_prefix}/sbin'
sharedstatedir='${prefix}/com'
sysconfdir='${prefix}/etc'
target_alias=''

## ----------- ##
## confdefs.h. ##
## ----------- ##

/* confdefs.h */
#define PACKAGE_NAME "bertomzilla"
#define PACKAGE_TARNAME "bertomzilla"
#define PACKAGE_VERSION "1.0"
#define PACKAGE_STRING "bertomzilla 1.0"
#define PACKAGE_BUGREPORT "joris.bertomeu@epitech.eu"
#define PACKAGE_URL ""
#define PACKAGE "bertomzilla"
#define VERSION "1.0"
#define HAVE_LIBCRYPTO 1
#define HAVE_LIBMYSQLCLIENT 1
#define HAVE_LIBPTHREAD 1
#define HAVE_LIBDL 1
#define STDC_HEADERS 1
#define HAVE_SYS_TYPES_H 1
#define HAVE_SYS_STAT_H 1
#define HAVE_STDLIB_H 1
#define HAVE_STRING_H 1
#define HAVE_MEMORY_H 1
#define HAVE_STRINGS_H 1
#define HAVE_INTTYPES_H 1
#define HAVE_STDINT_H 1
#define HAVE_UNISTD_H 1
#define HAVE_ARPA_INET_H 1
#define HAVE_FCNTL_H 1
#define HAVE_NETDB_H 1
#define HAVE_NETINET_IN_H 1
#define HAVE_STDLIB_H 1
#define HAVE_STRING_H 1
#define HAVE_SYS_SOCKET_H 1
#define HAVE_UNISTD_H 1
#define HAVE_STDIO_H 1
#define HAVE_ERRNO_H 1
#define HAVE_SIGNAL_H 1
#define HAVE_NETDB_H 1
#define HAVE_PTHREAD_H 1
#define HAVE_OPENSSL_PEM_H 1
#define HAVE_OPENSSL_SSL_H 1
#define HAVE_OPENSSL_RSA_H 1
#define HAVE_OPENSSL_EVP_H 1
#define HAVE_OPENSSL_BIO_H 1
#define HAVE_OPENSSL_SHA_H 1
#define HAVE_DIRENT_H 1
#define HAVE_FORK 1
#define HAVE_VFORK 1
#define HAVE_WORKING_VFORK 1
#define HAVE_WORKING_FORK 1
#define HAVE_STDLIB_H 1
#define HAVE_MALLOC 1
#define HAVE_BZERO 1
#define HAVE_GETCWD 1
#define HAVE_MKDIR 1
#define HAVE_RMDIR 1
#define HAVE_SOCKET 1
#define HAVE_STRERROR 1

configure: exit 0
